<?xml version="1.0" encoding="UTF-8"?>
<!-- Generated by org.testng.reporters.JUnitReportReporter -->
<testsuite hostname="DESKTOP-90QGLFO" failures="0" tests="1" name="Edit.EducacionIT.nacional" time="3.227" errors="0" timestamp="2023-07-20T20:35:50 CST" skipped="0">
  <testcase classname="Edit.EducacionIT.nacional" name="buscarProducto" time="3.227"/>
</testsuite> <!-- Edit.EducacionIT.nacional -->
