<?xml version="1.0" encoding="UTF-8"?>
<!-- Generated by org.testng.reporters.JUnitReportReporter -->
<testsuite hostname="DESKTOP-90QGLFO" failures="0" tests="1" name="Edit.EducacionIT.ClassOne" time="3.020" errors="0" timestamp="2023-07-20T20:26:06 CST" skipped="0">
  <testcase classname="Edit.EducacionIT.ClassOne" name="buscarProducto" time="3.020"/>
</testsuite> <!-- Edit.EducacionIT.ClassOne -->
